<?xml version="1.0" encoding="UTF-8"?>
<!-- Generated by org.testng.reporters.JUnitReportReporter -->
<testsuite skipped="0" hostname="Leen88" name="core.DivideTest" tests="4" failures="0" timestamp="15 May 2018 06:09:47 GMT" time="0.018" errors="0">
  <testcase name="Divide_test_4_param" time="0.000" classname="core.DivideTest"/>
  <testcase name="Divide_test_3_param" time="0.000" classname="core.DivideTest"/>
  <testcase name="Divide_test_instanceOf" time="0.000" classname="core.DivideTest"/>
  <testcase name="Divide_test_2_param" time="0.018" classname="core.DivideTest"/>
</testsuite> <!-- core.DivideTest -->
