<?xml version="1.0" encoding="UTF-8"?>
<!-- Generated by org.testng.reporters.JUnitReportReporter -->
<testsuite skipped="0" hostname="Leen88" name="core.AddTest" tests="4" failures="0" timestamp="15 May 2018 06:09:47 GMT" time="0.047" errors="0">
  <testcase name="add_test_3_param" time="0.016" classname="core.AddTest"/>
  <testcase name="add_test_2_param" time="0.016" classname="core.AddTest"/>
  <testcase name="add_test_instanceOf" time="0.015" classname="core.AddTest"/>
  <testcase name="add_test_4_param" time="0.000" classname="core.AddTest"/>
</testsuite> <!-- core.AddTest -->
