<?xml version="1.0" encoding="UTF-8"?>
<!-- Generated by org.testng.reporters.JUnitReportReporter -->
<testsuite skipped="0" hostname="Leen88" name="core.SubtractTest" tests="4" failures="0" timestamp="15 May 2018 06:09:47 GMT" time="0.014" errors="0">
  <testcase name="Subtract_test_3_param" time="0.002" classname="core.SubtractTest"/>
  <testcase name="Subtract_test_4_param" time="0.002" classname="core.SubtractTest"/>
  <testcase name="Subtract_test_instanceOf" time="0.006" classname="core.SubtractTest"/>
  <testcase name="Subtract_test_2_param" time="0.004" classname="core.SubtractTest"/>
</testsuite> <!-- core.SubtractTest -->
