<?xml version="1.0" encoding="UTF-8"?>
<!-- Generated by org.testng.reporters.JUnitReportReporter -->
<testsuite skipped="0" hostname="Leen88" name="core.MultiplyTest" tests="4" failures="0" timestamp="15 May 2018 06:09:47 GMT" time="0.027" errors="0">
  <testcase name="Multiply_test_4_param" time="0.003" classname="core.MultiplyTest"/>
  <testcase name="Multiply_test_2_param" time="0.018" classname="core.MultiplyTest"/>
  <testcase name="Multiply_test_instanceOf" time="0.004" classname="core.MultiplyTest"/>
  <testcase name="Multiply_test_3_param" time="0.002" classname="core.MultiplyTest"/>
</testsuite> <!-- core.MultiplyTest -->
